mode: count
go-redirector/mapping/yaml.go:14.43,15.31 1 8
go-redirector/mapping/yaml.go:18.2,18.11 1 3
go-redirector/mapping/yaml.go:15.31,17.3 1 5
go-redirector/mapping/yaml.go:21.35,22.35 1 14
go-redirector/mapping/yaml.go:51.2,51.12 1 7
go-redirector/mapping/yaml.go:22.35,23.17 1 17
go-redirector/mapping/yaml.go:28.3,28.21 1 16
go-redirector/mapping/yaml.go:33.3,33.54 1 14
go-redirector/mapping/yaml.go:37.3,38.17 2 14
go-redirector/mapping/yaml.go:43.3,43.28 1 12
go-redirector/mapping/yaml.go:48.3,48.40 1 10
go-redirector/mapping/yaml.go:23.17,27.4 3 1
go-redirector/mapping/yaml.go:28.21,32.4 3 2
go-redirector/mapping/yaml.go:33.54,35.4 1 0
go-redirector/mapping/yaml.go:38.17,41.4 2 2
go-redirector/mapping/yaml.go:43.28,46.4 2 2
go-redirector/mapping/yaml.go:58.38,60.2 1 7
go-redirector/mapping/yaml.go:62.41,63.26 1 8
go-redirector/mapping/yaml.go:66.2,66.38 1 6
go-redirector/mapping/yaml.go:75.2,75.12 1 5
go-redirector/mapping/yaml.go:63.26,65.3 1 2
go-redirector/mapping/yaml.go:66.38,67.26 1 6
go-redirector/mapping/yaml.go:70.3,70.42 1 5
go-redirector/mapping/yaml.go:67.26,69.4 1 1
go-redirector/mapping/yaml.go:70.42,72.4 1 0
go-redirector/mapping/yaml.go:78.72,79.46 1 7
go-redirector/mapping/yaml.go:91.2,93.11 3 2
go-redirector/mapping/yaml.go:79.46,81.47 1 6
go-redirector/mapping/yaml.go:86.3,86.46 1 2
go-redirector/mapping/yaml.go:81.47,83.4 1 4
go-redirector/mapping/yaml.go:86.46,88.4 1 1
go-redirector/mapping/yaml.go:99.48,102.65 2 7
go-redirector/mapping/yaml.go:106.2,106.47 1 6
go-redirector/mapping/yaml.go:110.2,110.25 1 3
go-redirector/mapping/yaml.go:102.65,104.3 1 1
go-redirector/mapping/yaml.go:106.47,108.3 1 3
go-redirector/mapping/yaml.go:116.58,117.52 1 3
go-redirector/mapping/yaml.go:117.52,120.3 2 1
go-redirector/mapping/yaml.go:120.8,123.3 2 2
go-redirector/main.go:57.55,59.21 2 1
go-redirector/main.go:59.21,62.3 2 1
go-redirector/main.go:65.65,67.14 2 2
go-redirector/main.go:67.14,71.3 3 1
go-redirector/main.go:74.36,75.28 1 3
go-redirector/main.go:75.28,77.3 1 1
go-redirector/main.go:77.8,77.36 1 2
go-redirector/main.go:77.36,79.3 1 1
go-redirector/main.go:79.8,81.3 1 1
go-redirector/main.go:84.50,85.20 1 4
go-redirector/main.go:90.2,90.76 1 4
go-redirector/main.go:85.20,87.3 1 4
go-redirector/main.go:90.76,93.3 2 1
go-redirector/main.go:93.8,95.3 1 3
go-redirector/main.go:98.47,99.56 1 3
go-redirector/main.go:99.56,102.3 2 1
go-redirector/main.go:102.8,106.3 3 2
go-redirector/main.go:109.39,110.50 1 6
go-redirector/main.go:110.50,112.3 1 1
go-redirector/main.go:112.8,114.3 1 5
go-redirector/main.go:117.30,118.59 1 14
go-redirector/main.go:118.59,120.3 1 7
go-redirector/main.go:120.8,122.3 1 7
go-redirector/main.go:126.23,128.2 1 0
go-redirector/main.go:130.26,138.2 2 12
go-redirector/main.go:144.54,145.40 1 3
go-redirector/main.go:156.2,156.20 1 3
go-redirector/main.go:160.2,160.20 1 3
go-redirector/main.go:145.40,147.46 1 5
go-redirector/main.go:153.3,153.15 1 3
go-redirector/main.go:147.46,148.50 1 2
go-redirector/main.go:151.4,151.15 1 2
go-redirector/main.go:148.50,150.5 1 0
go-redirector/main.go:156.20,158.3 1 2
go-redirector/main.go:163.24,167.2 3 1
go-redirector/main.go:173.56,175.2 1 2
go-redirector/main.go:189.50,190.46 1 2
go-redirector/main.go:190.46,192.3 1 1
go-redirector/main.go:192.8,194.3 1 1
go-redirector/main.go:197.50,198.46 1 2
go-redirector/main.go:198.46,200.3 1 1
go-redirector/main.go:200.8,202.3 1 1
go-redirector/main.go:205.51,216.2 6 1
go-redirector/main.go:218.48,227.79 7 2
go-redirector/main.go:227.79,233.3 2 1
go-redirector/main.go:233.8,240.3 3 1
go-redirector/main.go:243.52,244.33 1 7
go-redirector/main.go:244.33,246.3 1 0
go-redirector/main.go:246.8,248.3 1 7
go-redirector/main.go:254.41,273.2 9 3
go-redirector/main.go:275.44,278.22 2 0
go-redirector/main.go:290.2,290.12 1 0
go-redirector/main.go:278.22,279.65 1 0
go-redirector/main.go:279.65,281.4 1 0
go-redirector/main.go:282.8,285.36 1 0
go-redirector/main.go:285.36,287.4 1 0
go-redirector/main.go:293.83,295.2 1 3
go-redirector/main.go:297.25,344.39 1 0
go-redirector/main.go:364.2,373.16 7 0
go-redirector/main.go:344.39,360.5 10 0
go-redirector/main.go:373.16,375.3 1 0
go-redirector/main.go:378.13,380.2 1 0
